19:42:43.267 [main] INFO  testCases.TC_001_AccountRegistrationTest - ***  Starting TC_001_AccountRegistrationTest ***
19:42:43.409 [main] INFO  testCases.TC_001_AccountRegistrationTest - Clicked on My account link
19:42:43.906 [main] INFO  testCases.TC_001_AccountRegistrationTest - Clicked on register link
19:42:43.911 [main] INFO  testCases.TC_001_AccountRegistrationTest - Providing customer data
19:42:46.772 [main] INFO  testCases.TC_001_AccountRegistrationTest - Clicked on continue
19:42:46.821 [main] INFO  testCases.TC_001_AccountRegistrationTest - Validating expected message
19:42:46.823 [main] INFO  testCases.TC_001_AccountRegistrationTest - ***  Finished TC_001_AccountRegistrationTest ***
19:53:36.327 [main] INFO  testCases.TC_001_AccountRegistrationTest - ***  Starting TC_001_AccountRegistrationTest ***
19:53:36.441 [main] INFO  testCases.TC_001_AccountRegistrationTest - Clicked on My account link
19:53:36.763 [main] INFO  testCases.TC_001_AccountRegistrationTest - Clicked on register link
19:53:36.765 [main] INFO  testCases.TC_001_AccountRegistrationTest - Providing customer data
19:53:39.568 [main] INFO  testCases.TC_001_AccountRegistrationTest - Clicked on continue
19:53:39.617 [main] INFO  testCases.TC_001_AccountRegistrationTest - Validating expected message
19:53:39.620 [main] INFO  testCases.TC_001_AccountRegistrationTest - ***  Finished TC_001_AccountRegistrationTest ***
08:55:40.492 [main] INFO  testCases.TC_001_AccountRegistrationTest - ***  Starting TC_001_AccountRegistrationTest ***
08:55:40.595 [main] INFO  testCases.TC_001_AccountRegistrationTest - Clicked on My account link
08:55:40.962 [main] INFO  testCases.TC_001_AccountRegistrationTest - Clicked on register link
08:55:40.968 [main] INFO  testCases.TC_001_AccountRegistrationTest - Providing customer data
08:55:43.834 [main] INFO  testCases.TC_001_AccountRegistrationTest - Clicked on continue
08:55:43.875 [main] INFO  testCases.TC_001_AccountRegistrationTest - Validating expected message
08:55:43.877 [main] INFO  testCases.TC_001_AccountRegistrationTest - ***  Finished TC_001_AccountRegistrationTest ***
16:03:47.867 [main] INFO  testCases.TC_001_AccountRegistrationTest - ***  Starting TC_001_AccountRegistrationTest ***
16:03:47.984 [main] INFO  testCases.TC_001_AccountRegistrationTest - Clicked on My account link
16:03:48.504 [main] INFO  testCases.TC_001_AccountRegistrationTest - Clicked on register link
16:03:48.513 [main] INFO  testCases.TC_001_AccountRegistrationTest - Providing customer data
16:03:51.468 [main] INFO  testCases.TC_001_AccountRegistrationTest - Clicked on continue
16:03:51.520 [main] INFO  testCases.TC_001_AccountRegistrationTest - Validating expected message
16:03:51.522 [main] INFO  testCases.TC_001_AccountRegistrationTest - ***  Finished TC_001_AccountRegistrationTest ***
16:04:37.487 [main] INFO  testCases.TC_001_AccountRegistrationTest - ***  Starting TC_001_AccountRegistrationTest ***
16:04:37.613 [main] INFO  testCases.TC_001_AccountRegistrationTest - Clicked on My account link
16:04:38.014 [main] INFO  testCases.TC_001_AccountRegistrationTest - Clicked on register link
16:04:38.023 [main] INFO  testCases.TC_001_AccountRegistrationTest - Providing customer data
16:04:40.797 [main] INFO  testCases.TC_001_AccountRegistrationTest - Clicked on continue
16:04:40.842 [main] INFO  testCases.TC_001_AccountRegistrationTest - Validating expected message
16:04:40.844 [main] INFO  testCases.TC_001_AccountRegistrationTest - ***  Finished TC_001_AccountRegistrationTest ***
16:38:43.385 [main] INFO  testCases.TC_001_AccountRegistrationTest - ***  Starting TC_001_AccountRegistrationTest ***
16:38:43.495 [main] INFO  testCases.TC_001_AccountRegistrationTest - Clicked on My account link
16:38:43.894 [main] INFO  testCases.TC_001_AccountRegistrationTest - Clicked on register link
16:38:43.896 [main] INFO  testCases.TC_001_AccountRegistrationTest - Providing customer data
16:38:46.692 [main] INFO  testCases.TC_001_AccountRegistrationTest - Clicked on continue
16:38:46.743 [main] INFO  testCases.TC_001_AccountRegistrationTest - Validating expected message
16:38:46.745 [main] INFO  testCases.TC_001_AccountRegistrationTest - ***  Finished TC_001_AccountRegistrationTest ***
17:03:19.086 [TestNG-tests-1] INFO  testCases.TC_001_AccountRegistrationTest - ***  Starting TC_001_AccountRegistrationTest ***
17:03:19.196 [TestNG-tests-1] INFO  testCases.TC_001_AccountRegistrationTest - Clicked on My account link
17:03:19.570 [TestNG-tests-1] INFO  testCases.TC_001_AccountRegistrationTest - Clicked on register link
17:03:19.573 [TestNG-tests-1] INFO  testCases.TC_001_AccountRegistrationTest - Providing customer data
17:03:21.978 [TestNG-tests-2] INFO  testCases.TC_001_AccountRegistrationTest - ***  Starting TC_001_AccountRegistrationTest ***
17:03:22.077 [TestNG-tests-2] INFO  testCases.TC_001_AccountRegistrationTest - Clicked on My account link
17:03:22.562 [TestNG-tests-2] INFO  testCases.TC_001_AccountRegistrationTest - Clicked on register link
17:03:22.569 [TestNG-tests-2] INFO  testCases.TC_001_AccountRegistrationTest - Providing customer data
17:03:22.609 [TestNG-tests-1] INFO  testCases.TC_001_AccountRegistrationTest - Clicked on continue
17:03:22.661 [TestNG-tests-1] INFO  testCases.TC_001_AccountRegistrationTest - Validating expected message
17:03:22.663 [TestNG-tests-1] INFO  testCases.TC_001_AccountRegistrationTest - ***  Finished TC_001_AccountRegistrationTest ***
17:03:25.548 [TestNG-tests-2] INFO  testCases.TC_001_AccountRegistrationTest - Clicked on continue
17:03:25.581 [TestNG-tests-2] INFO  testCases.TC_001_AccountRegistrationTest - Validating expected message
17:03:25.581 [TestNG-tests-2] INFO  testCases.TC_001_AccountRegistrationTest - ***  Finished TC_001_AccountRegistrationTest ***
17:30:20.253 [main] INFO  testCases.TC_001_AccountRegistrationTest - ***  Starting TC_001_AccountRegistrationTest ***
17:30:20.371 [main] INFO  testCases.TC_001_AccountRegistrationTest - Clicked on My account link
17:30:20.440 [main] INFO  testCases.TC_001_AccountRegistrationTest - Clicked on register link
17:30:20.443 [main] INFO  testCases.TC_001_AccountRegistrationTest - Providing customer data
17:30:30.488 [main] ERROR testCases.TC_001_AccountRegistrationTest - test failed
17:32:00.562 [main] INFO  testCases.TC_001_AccountRegistrationTest - ***  Starting TC_001_AccountRegistrationTest ***
17:32:00.657 [main] INFO  testCases.TC_001_AccountRegistrationTest - Clicked on My account link
17:32:00.993 [main] INFO  testCases.TC_001_AccountRegistrationTest - Clicked on register link
17:32:00.997 [main] INFO  testCases.TC_001_AccountRegistrationTest - Providing customer data
17:32:03.763 [main] INFO  testCases.TC_001_AccountRegistrationTest - Clicked on continue
17:32:03.805 [main] INFO  testCases.TC_001_AccountRegistrationTest - Validating expected message
17:32:03.807 [main] INFO  testCases.TC_001_AccountRegistrationTest - ***  Finished TC_001_AccountRegistrationTest ***
18:39:29.658 [main] INFO  testCases.TC_001_AccountRegistrationTest - ***  Starting TC_001_AccountRegistrationTest ***
18:39:29.774 [main] INFO  testCases.TC_001_AccountRegistrationTest - Clicked on My account link
18:39:30.179 [main] INFO  testCases.TC_001_AccountRegistrationTest - Clicked on register link
18:39:30.181 [main] INFO  testCases.TC_001_AccountRegistrationTest - Providing customer data
18:39:33.005 [main] INFO  testCases.TC_001_AccountRegistrationTest - Clicked on continue
18:39:33.043 [main] INFO  testCases.TC_001_AccountRegistrationTest - Validating expected message
18:39:33.047 [main] INFO  testCases.TC_001_AccountRegistrationTest - ***  Finished TC_001_AccountRegistrationTest ***
18:43:35.495 [main] INFO  testCases.TC_001_AccountRegistrationTest - ***  Starting TC_001_AccountRegistrationTest ***
18:43:35.645 [main] INFO  testCases.TC_001_AccountRegistrationTest - Clicked on My account link
18:43:36.106 [main] INFO  testCases.TC_001_AccountRegistrationTest - Clicked on register link
18:43:36.112 [main] INFO  testCases.TC_001_AccountRegistrationTest - Providing customer data
18:43:36.795 [main] INFO  testCases.TC_001_AccountRegistrationTest - Clicked on continue
18:43:46.812 [main] INFO  testCases.TC_001_AccountRegistrationTest - Validating expected message
19:55:43.798 [main] INFO  testCases.TC_001_AccountRegistrationTest - ***  Starting TC_001_AccountRegistrationTest ***
19:55:43.901 [main] INFO  testCases.TC_001_AccountRegistrationTest - Clicked on My account link
19:55:44.309 [main] INFO  testCases.TC_001_AccountRegistrationTest - Clicked on register link
19:55:44.313 [main] INFO  testCases.TC_001_AccountRegistrationTest - Providing customer data
19:55:47.163 [main] INFO  testCases.TC_001_AccountRegistrationTest - Clicked on continue
19:55:47.205 [main] INFO  testCases.TC_001_AccountRegistrationTest - Validating expected message
19:55:47.207 [main] INFO  testCases.TC_001_AccountRegistrationTest - ***  Finished TC_001_AccountRegistrationTest ***
20:02:26.883 [main] INFO  testCases.TC_001_AccountRegistrationTest - ***  Starting TC_001_AccountRegistrationTest ***
20:02:26.990 [main] INFO  testCases.TC_001_AccountRegistrationTest - Clicked on My account link
20:02:27.427 [main] INFO  testCases.TC_001_AccountRegistrationTest - Clicked on register link
20:02:27.432 [main] INFO  testCases.TC_001_AccountRegistrationTest - Providing customer data
20:02:30.221 [main] INFO  testCases.TC_001_AccountRegistrationTest - Clicked on continue
20:02:30.264 [main] INFO  testCases.TC_001_AccountRegistrationTest - Validating expected message
20:02:30.266 [main] INFO  testCases.TC_001_AccountRegistrationTest - ***  Finished TC_001_AccountRegistrationTest ***
20:02:32.084 [main] INFO  testCases.TC_002_LoginTest - Starting TC_002_LoginTest
20:02:33.807 [main] INFO  testCases.TC_002_LoginTest -  Finished TC_002_LoginTest
09:43:45.310 [main] INFO  testCases.TC_003_LoginDataDrivenTest -  Starting TC_003_LoginDataDrivenTest 
09:43:56.211 [main] INFO  testCases.TC_003_LoginDataDrivenTest -  Finished TC_003_LoginDataDrivenTest
09:43:56.211 [main] INFO  testCases.TC_003_LoginDataDrivenTest -  Starting TC_003_LoginDataDrivenTest 
09:44:06.916 [main] INFO  testCases.TC_003_LoginDataDrivenTest -  Finished TC_003_LoginDataDrivenTest
09:44:06.916 [main] INFO  testCases.TC_003_LoginDataDrivenTest -  Starting TC_003_LoginDataDrivenTest 
09:44:17.628 [main] INFO  testCases.TC_003_LoginDataDrivenTest -  Finished TC_003_LoginDataDrivenTest
09:44:17.644 [main] INFO  testCases.TC_003_LoginDataDrivenTest -  Starting TC_003_LoginDataDrivenTest 
09:44:28.229 [main] INFO  testCases.TC_003_LoginDataDrivenTest -  Finished TC_003_LoginDataDrivenTest
09:44:28.229 [main] INFO  testCases.TC_003_LoginDataDrivenTest -  Starting TC_003_LoginDataDrivenTest 
09:47:52.270 [main] INFO  testCases.TC_003_LoginDataDrivenTest -  Starting TC_003_LoginDataDrivenTest 
09:48:03.187 [main] INFO  testCases.TC_003_LoginDataDrivenTest -  Finished TC_003_LoginDataDrivenTest
09:48:03.187 [main] INFO  testCases.TC_003_LoginDataDrivenTest -  Starting TC_003_LoginDataDrivenTest 
09:48:13.873 [main] INFO  testCases.TC_003_LoginDataDrivenTest -  Finished TC_003_LoginDataDrivenTest
09:48:13.873 [main] INFO  testCases.TC_003_LoginDataDrivenTest -  Starting TC_003_LoginDataDrivenTest 
09:48:24.548 [main] INFO  testCases.TC_003_LoginDataDrivenTest -  Finished TC_003_LoginDataDrivenTest
09:48:24.548 [main] INFO  testCases.TC_003_LoginDataDrivenTest -  Starting TC_003_LoginDataDrivenTest 
09:48:35.246 [main] INFO  testCases.TC_003_LoginDataDrivenTest -  Finished TC_003_LoginDataDrivenTest
09:48:35.246 [main] INFO  testCases.TC_003_LoginDataDrivenTest -  Starting TC_003_LoginDataDrivenTest 
09:48:36.304 [main] INFO  testCases.TC_003_LoginDataDrivenTest -  Finished TC_003_LoginDataDrivenTest
10:40:58.648 [main] INFO  testCases.TC_001_AccountRegistrationTest - ***  Starting TC_001_AccountRegistrationTest ***
10:40:58.742 [main] INFO  testCases.TC_001_AccountRegistrationTest - Clicked on My account link
10:40:59.130 [main] INFO  testCases.TC_001_AccountRegistrationTest - Clicked on register link
10:40:59.134 [main] INFO  testCases.TC_001_AccountRegistrationTest - Providing customer data
10:41:02.173 [main] INFO  testCases.TC_001_AccountRegistrationTest - Clicked on continue
10:41:02.213 [main] INFO  testCases.TC_001_AccountRegistrationTest - Validating expected message
10:41:02.216 [main] INFO  testCases.TC_001_AccountRegistrationTest - ***  Finished TC_001_AccountRegistrationTest ***
10:41:03.995 [main] INFO  testCases.TC_002_LoginTest - Starting TC_002_LoginTest
10:41:04.903 [main] INFO  testCases.TC_002_LoginTest -  Finished TC_002_LoginTest
10:48:30.232 [main] INFO  testCases.TC_001_AccountRegistrationTest - ***  Starting TC_001_AccountRegistrationTest ***
10:48:30.347 [main] INFO  testCases.TC_001_AccountRegistrationTest - Clicked on My account link
10:48:30.797 [main] INFO  testCases.TC_001_AccountRegistrationTest - Clicked on register link
10:48:30.800 [main] INFO  testCases.TC_001_AccountRegistrationTest - Providing customer data
10:48:33.620 [main] INFO  testCases.TC_001_AccountRegistrationTest - Clicked on continue
10:48:33.671 [main] INFO  testCases.TC_001_AccountRegistrationTest - Validating expected message
10:48:33.673 [main] INFO  testCases.TC_001_AccountRegistrationTest - ***  Finished TC_001_AccountRegistrationTest ***
10:48:35.404 [main] INFO  testCases.TC_002_LoginTest - Starting TC_002_LoginTest
10:48:36.427 [main] INFO  testCases.TC_002_LoginTest -  Finished TC_002_LoginTest
18:16:18.078 [main] INFO  testCases.TC_001_AccountRegistrationTest - ***  Starting TC_001_AccountRegistrationTest ***
18:16:18.203 [main] INFO  testCases.TC_001_AccountRegistrationTest - Clicked on My account link
18:16:18.611 [main] INFO  testCases.TC_001_AccountRegistrationTest - Clicked on register link
18:16:18.613 [main] INFO  testCases.TC_001_AccountRegistrationTest - Providing customer data
18:16:21.432 [main] INFO  testCases.TC_001_AccountRegistrationTest - Clicked on continue
18:16:21.470 [main] INFO  testCases.TC_001_AccountRegistrationTest - Validating expected message
18:16:21.472 [main] INFO  testCases.TC_001_AccountRegistrationTest - ***  Finished TC_001_AccountRegistrationTest ***
18:16:34.834 [main] INFO  testCases.TC_002_LoginTest - Starting TC_002_LoginTest
18:16:35.828 [main] INFO  testCases.TC_002_LoginTest -  Finished TC_002_LoginTest
18:28:33.661 [main] INFO  testCases.TC_001_AccountRegistrationTest - ***  Starting TC_001_AccountRegistrationTest ***
18:28:33.784 [main] INFO  testCases.TC_001_AccountRegistrationTest - Clicked on My account link
18:28:34.158 [main] INFO  testCases.TC_001_AccountRegistrationTest - Clicked on register link
18:28:34.161 [main] INFO  testCases.TC_001_AccountRegistrationTest - Providing customer data
18:28:36.909 [main] INFO  testCases.TC_001_AccountRegistrationTest - Clicked on continue
18:28:36.952 [main] INFO  testCases.TC_001_AccountRegistrationTest - Validating expected message
18:28:36.955 [main] INFO  testCases.TC_001_AccountRegistrationTest - ***  Finished TC_001_AccountRegistrationTest ***
18:28:38.750 [main] INFO  testCases.TC_002_LoginTest - Starting TC_002_LoginTest
18:28:39.667 [main] INFO  testCases.TC_002_LoginTest -  Finished TC_002_LoginTest
18:29:16.931 [main] INFO  testCases.TC_001_AccountRegistrationTest - ***  Starting TC_001_AccountRegistrationTest ***
18:29:17.066 [main] INFO  testCases.TC_001_AccountRegistrationTest - Clicked on My account link
18:29:17.452 [main] INFO  testCases.TC_001_AccountRegistrationTest - Clicked on register link
18:29:17.455 [main] INFO  testCases.TC_001_AccountRegistrationTest - Providing customer data
18:29:20.221 [main] INFO  testCases.TC_001_AccountRegistrationTest - Clicked on continue
18:29:20.256 [main] INFO  testCases.TC_001_AccountRegistrationTest - Validating expected message
18:29:20.258 [main] INFO  testCases.TC_001_AccountRegistrationTest - ***  Finished TC_001_AccountRegistrationTest ***
18:29:21.882 [main] INFO  testCases.TC_002_LoginTest - Starting TC_002_LoginTest
18:29:22.796 [main] INFO  testCases.TC_002_LoginTest -  Finished TC_002_LoginTest
21:35:49.995 [main] INFO  testCases.TC_001_AccountRegistrationTest - ***  Starting TC_001_AccountRegistrationTest ***
21:35:50.103 [main] INFO  testCases.TC_001_AccountRegistrationTest - Clicked on My account link
21:35:50.482 [main] INFO  testCases.TC_001_AccountRegistrationTest - Clicked on register link
21:35:50.484 [main] INFO  testCases.TC_001_AccountRegistrationTest - Providing customer data
21:35:53.215 [main] INFO  testCases.TC_001_AccountRegistrationTest - Clicked on continue
21:35:53.261 [main] INFO  testCases.TC_001_AccountRegistrationTest - Validating expected message
21:35:53.263 [main] INFO  testCases.TC_001_AccountRegistrationTest - ***  Finished TC_001_AccountRegistrationTest ***
21:35:54.959 [main] INFO  testCases.TC_002_LoginTest - Starting TC_002_LoginTest
21:35:55.945 [main] INFO  testCases.TC_002_LoginTest -  Finished TC_002_LoginTest
21:47:25.194 [main] INFO  testCases.TC_001_AccountRegistrationTest - ***  Starting TC_001_AccountRegistrationTest ***
21:47:25.370 [main] INFO  testCases.TC_001_AccountRegistrationTest - Clicked on My account link
21:47:25.726 [main] INFO  testCases.TC_001_AccountRegistrationTest - Clicked on register link
21:47:25.729 [main] INFO  testCases.TC_001_AccountRegistrationTest - Providing customer data
21:47:28.506 [main] INFO  testCases.TC_001_AccountRegistrationTest - Clicked on continue
21:47:28.574 [main] INFO  testCases.TC_001_AccountRegistrationTest - Validating expected message
21:47:28.576 [main] INFO  testCases.TC_001_AccountRegistrationTest - ***  Finished TC_001_AccountRegistrationTest ***
21:47:30.259 [main] INFO  testCases.TC_002_LoginTest - Starting TC_002_LoginTest
21:47:31.276 [main] INFO  testCases.TC_002_LoginTest -  Finished TC_002_LoginTest
19:32:43.449 [main] INFO  testCases.TC_001_AccountRegistrationTest - ***  Starting TC_001_AccountRegistrationTest ***
19:32:43.600 [main] INFO  testCases.TC_001_AccountRegistrationTest - Clicked on My account link
19:32:44.078 [main] INFO  testCases.TC_001_AccountRegistrationTest - Clicked on register link
19:32:44.082 [main] INFO  testCases.TC_001_AccountRegistrationTest - Providing customer data
19:32:46.998 [main] INFO  testCases.TC_001_AccountRegistrationTest - Clicked on continue
19:32:47.038 [main] INFO  testCases.TC_001_AccountRegistrationTest - Validating expected message
19:32:47.041 [main] INFO  testCases.TC_001_AccountRegistrationTest - ***  Finished TC_001_AccountRegistrationTest ***
19:32:48.712 [main] INFO  testCases.TC_002_LoginTest - Starting TC_002_LoginTest
19:32:49.754 [main] INFO  testCases.TC_002_LoginTest -  Finished TC_002_LoginTest
22:40:41.770 [main] INFO  testCases.TC_001_AccountRegistrationTest - ***  Starting TC_001_AccountRegistrationTest ***
22:40:48.041 [main] ERROR testCases.TC_001_AccountRegistrationTest - test failed
22:41:43.241 [main] INFO  testCases.TC_001_AccountRegistrationTest - ***  Starting TC_001_AccountRegistrationTest ***
22:41:43.367 [main] INFO  testCases.TC_001_AccountRegistrationTest - Clicked on My account link
22:41:43.791 [main] INFO  testCases.TC_001_AccountRegistrationTest - Clicked on register link
22:41:43.793 [main] INFO  testCases.TC_001_AccountRegistrationTest - Providing customer data
22:41:46.578 [main] INFO  testCases.TC_001_AccountRegistrationTest - Clicked on continue
22:41:46.625 [main] INFO  testCases.TC_001_AccountRegistrationTest - Validating expected message
22:41:46.628 [main] INFO  testCases.TC_001_AccountRegistrationTest - ***  Finished TC_001_AccountRegistrationTest ***
22:41:48.315 [main] INFO  testCases.TC_002_LoginTest - Starting TC_002_LoginTest
22:41:49.307 [main] INFO  testCases.TC_002_LoginTest -  Finished TC_002_LoginTest
22:53:54.749 [main] INFO  testCases.TC_001_AccountRegistrationTest - ***  Starting TC_001_AccountRegistrationTest ***
22:53:54.913 [main] INFO  testCases.TC_001_AccountRegistrationTest - Clicked on My account link
22:53:55.235 [main] INFO  testCases.TC_001_AccountRegistrationTest - Clicked on register link
22:53:55.238 [main] INFO  testCases.TC_001_AccountRegistrationTest - Providing customer data
22:53:58.017 [main] INFO  testCases.TC_001_AccountRegistrationTest - Clicked on continue
22:53:58.067 [main] INFO  testCases.TC_001_AccountRegistrationTest - Validating expected message
22:53:58.070 [main] INFO  testCases.TC_001_AccountRegistrationTest - ***  Finished TC_001_AccountRegistrationTest ***
22:53:59.778 [main] INFO  testCases.TC_002_LoginTest - Starting TC_002_LoginTest
22:54:00.833 [main] INFO  testCases.TC_002_LoginTest -  Finished TC_002_LoginTest
09:08:20.553 [main] INFO  testCases.TC_001_AccountRegistrationTest - ***  Starting TC_001_AccountRegistrationTest ***
09:08:20.665 [main] INFO  testCases.TC_001_AccountRegistrationTest - Clicked on My account link
09:08:21.226 [main] INFO  testCases.TC_001_AccountRegistrationTest - Clicked on register link
09:08:21.229 [main] INFO  testCases.TC_001_AccountRegistrationTest - Providing customer data
09:08:24.125 [main] INFO  testCases.TC_001_AccountRegistrationTest - Clicked on continue
09:08:24.167 [main] INFO  testCases.TC_001_AccountRegistrationTest - Validating expected message
09:08:24.168 [main] INFO  testCases.TC_001_AccountRegistrationTest - ***  Finished TC_001_AccountRegistrationTest ***
09:08:25.882 [main] INFO  testCases.TC_002_LoginTest - Starting TC_002_LoginTest
09:08:26.909 [main] INFO  testCases.TC_002_LoginTest -  Finished TC_002_LoginTest
19:43:28.801 [main] INFO  testCases.TC_001_AccountRegistrationTest - ***  Starting TC_001_AccountRegistrationTest ***
19:43:28.925 [main] INFO  testCases.TC_001_AccountRegistrationTest - Clicked on My account link
19:43:29.452 [main] INFO  testCases.TC_001_AccountRegistrationTest - Clicked on register link
19:43:29.454 [main] INFO  testCases.TC_001_AccountRegistrationTest - Providing customer data
19:43:32.408 [main] INFO  testCases.TC_001_AccountRegistrationTest - Clicked on continue
19:43:32.450 [main] INFO  testCases.TC_001_AccountRegistrationTest - Validating expected message
19:43:32.453 [main] INFO  testCases.TC_001_AccountRegistrationTest - ***  Finished TC_001_AccountRegistrationTest ***
19:43:34.460 [main] INFO  testCases.TC_002_LoginTest - Starting TC_002_LoginTest
19:43:35.736 [main] INFO  testCases.TC_002_LoginTest -  Finished TC_002_LoginTest
20:03:56.423 [main] INFO  testCases.TC_001_AccountRegistrationTest - ***  Starting TC_001_AccountRegistrationTest ***
20:03:56.577 [main] INFO  testCases.TC_001_AccountRegistrationTest - Clicked on My account link
20:03:57.032 [main] INFO  testCases.TC_001_AccountRegistrationTest - Clicked on register link
20:03:57.035 [main] INFO  testCases.TC_001_AccountRegistrationTest - Providing customer data
20:03:59.873 [main] INFO  testCases.TC_001_AccountRegistrationTest - Clicked on continue
20:03:59.932 [main] INFO  testCases.TC_001_AccountRegistrationTest - Validating expected message
20:03:59.934 [main] INFO  testCases.TC_001_AccountRegistrationTest - ***  Finished TC_001_AccountRegistrationTest ***
20:04:01.990 [main] INFO  testCases.TC_002_LoginTest - Starting TC_002_LoginTest
20:04:02.933 [main] INFO  testCases.TC_002_LoginTest -  Finished TC_002_LoginTest
20:16:33.030 [main] INFO  testCases.TC_001_AccountRegistrationTest - ***  Starting TC_001_AccountRegistrationTest ***
20:16:33.223 [main] INFO  testCases.TC_001_AccountRegistrationTest - Clicked on My account link
20:16:33.786 [main] INFO  testCases.TC_001_AccountRegistrationTest - Clicked on register link
20:16:33.794 [main] INFO  testCases.TC_001_AccountRegistrationTest - Providing customer data
20:16:36.606 [main] INFO  testCases.TC_001_AccountRegistrationTest - Clicked on continue
20:16:36.665 [main] INFO  testCases.TC_001_AccountRegistrationTest - Validating expected message
20:16:36.667 [main] INFO  testCases.TC_001_AccountRegistrationTest - ***  Finished TC_001_AccountRegistrationTest ***
20:16:38.475 [main] INFO  testCases.TC_002_LoginTest - Starting TC_002_LoginTest
20:16:39.410 [main] INFO  testCases.TC_002_LoginTest -  Finished TC_002_LoginTest
20:24:14.293 [main] INFO  testCases.TC_001_AccountRegistrationTest - ***  Starting TC_001_AccountRegistrationTest ***
20:24:14.433 [main] INFO  testCases.TC_001_AccountRegistrationTest - Clicked on My account link
20:24:14.909 [main] INFO  testCases.TC_001_AccountRegistrationTest - Clicked on register link
20:24:14.912 [main] INFO  testCases.TC_001_AccountRegistrationTest - Providing customer data
20:24:17.839 [main] INFO  testCases.TC_001_AccountRegistrationTest - Clicked on continue
20:24:17.888 [main] INFO  testCases.TC_001_AccountRegistrationTest - Validating expected message
20:24:17.890 [main] INFO  testCases.TC_001_AccountRegistrationTest - ***  Finished TC_001_AccountRegistrationTest ***
20:24:19.704 [main] INFO  testCases.TC_002_LoginTest - Starting TC_002_LoginTest
20:24:20.831 [main] INFO  testCases.TC_002_LoginTest -  Finished TC_002_LoginTest
20:34:54.956 [main] INFO  testCases.TC_001_AccountRegistrationTest - ***  Starting TC_001_AccountRegistrationTest ***
20:34:55.099 [main] INFO  testCases.TC_001_AccountRegistrationTest - Clicked on My account link
20:34:55.490 [main] INFO  testCases.TC_001_AccountRegistrationTest - Clicked on register link
20:34:55.495 [main] INFO  testCases.TC_001_AccountRegistrationTest - Providing customer data
20:34:58.421 [main] INFO  testCases.TC_001_AccountRegistrationTest - Clicked on continue
20:34:58.477 [main] INFO  testCases.TC_001_AccountRegistrationTest - Validating expected message
20:34:58.479 [main] INFO  testCases.TC_001_AccountRegistrationTest - ***  Finished TC_001_AccountRegistrationTest ***
20:35:00.316 [main] INFO  testCases.TC_002_LoginTest - Starting TC_002_LoginTest
20:35:01.314 [main] INFO  testCases.TC_002_LoginTest -  Finished TC_002_LoginTest
20:59:39.605 [main] INFO  testCases.TC_001_AccountRegistrationTest - ***  Starting TC_001_AccountRegistrationTest ***
20:59:39.756 [main] INFO  testCases.TC_001_AccountRegistrationTest - Clicked on My account link
20:59:40.219 [main] INFO  testCases.TC_001_AccountRegistrationTest - Clicked on register link
20:59:40.222 [main] INFO  testCases.TC_001_AccountRegistrationTest - Providing customer data
20:59:43.030 [main] INFO  testCases.TC_001_AccountRegistrationTest - Clicked on continue
20:59:43.082 [main] INFO  testCases.TC_001_AccountRegistrationTest - Validating expected message
20:59:43.085 [main] INFO  testCases.TC_001_AccountRegistrationTest - ***  Finished TC_001_AccountRegistrationTest ***
20:59:44.921 [main] INFO  testCases.TC_002_LoginTest - Starting TC_002_LoginTest
20:59:46.000 [main] INFO  testCases.TC_002_LoginTest -  Finished TC_002_LoginTest
21:01:02.734 [main] INFO  testCases.TC_001_AccountRegistrationTest - ***  Starting TC_001_AccountRegistrationTest ***
21:01:02.904 [main] INFO  testCases.TC_001_AccountRegistrationTest - Clicked on My account link
21:01:03.313 [main] INFO  testCases.TC_001_AccountRegistrationTest - Clicked on register link
21:01:03.317 [main] INFO  testCases.TC_001_AccountRegistrationTest - Providing customer data
21:01:06.170 [main] INFO  testCases.TC_001_AccountRegistrationTest - Clicked on continue
21:01:06.219 [main] INFO  testCases.TC_001_AccountRegistrationTest - Validating expected message
21:01:06.221 [main] INFO  testCases.TC_001_AccountRegistrationTest - ***  Finished TC_001_AccountRegistrationTest ***
21:01:08.032 [main] INFO  testCases.TC_002_LoginTest - Starting TC_002_LoginTest
21:01:09.051 [main] INFO  testCases.TC_002_LoginTest -  Finished TC_002_LoginTest
22:43:24.557 [main] INFO  testCases.TC_001_AccountRegistrationTest - ***  Starting TC_001_AccountRegistrationTest ***
22:43:24.689 [main] INFO  testCases.TC_001_AccountRegistrationTest - Clicked on My account link
22:43:25.152 [main] INFO  testCases.TC_001_AccountRegistrationTest - Clicked on register link
22:43:25.156 [main] INFO  testCases.TC_001_AccountRegistrationTest - Providing customer data
22:43:27.971 [main] INFO  testCases.TC_001_AccountRegistrationTest - Clicked on continue
22:43:28.012 [main] INFO  testCases.TC_001_AccountRegistrationTest - Validating expected message
22:43:28.014 [main] INFO  testCases.TC_001_AccountRegistrationTest - ***  Finished TC_001_AccountRegistrationTest ***
22:43:30.745 [main] INFO  testCases.TC_002_LoginTest - Starting TC_002_LoginTest
22:43:31.640 [main] INFO  testCases.TC_002_LoginTest -  Finished TC_002_LoginTest
22:44:17.880 [main] INFO  testCases.TC_001_AccountRegistrationTest - ***  Starting TC_001_AccountRegistrationTest ***
22:44:18.011 [main] INFO  testCases.TC_001_AccountRegistrationTest - Clicked on My account link
22:44:18.439 [main] INFO  testCases.TC_001_AccountRegistrationTest - Clicked on register link
22:44:18.441 [main] INFO  testCases.TC_001_AccountRegistrationTest - Providing customer data
22:44:21.291 [main] INFO  testCases.TC_001_AccountRegistrationTest - Clicked on continue
22:44:21.356 [main] INFO  testCases.TC_001_AccountRegistrationTest - Validating expected message
22:44:21.358 [main] INFO  testCases.TC_001_AccountRegistrationTest - ***  Finished TC_001_AccountRegistrationTest ***
22:44:23.172 [main] INFO  testCases.TC_002_LoginTest - Starting TC_002_LoginTest
22:44:24.218 [main] INFO  testCases.TC_002_LoginTest -  Finished TC_002_LoginTest
00:00:25.162 [main] INFO  testCases.TC_001_AccountRegistrationTest - ***  Starting TC_001_AccountRegistrationTest ***
00:00:25.297 [main] INFO  testCases.TC_001_AccountRegistrationTest - Clicked on My account link
00:00:25.820 [main] INFO  testCases.TC_001_AccountRegistrationTest - Clicked on register link
00:00:25.823 [main] INFO  testCases.TC_001_AccountRegistrationTest - Providing customer data
00:00:28.671 [main] INFO  testCases.TC_001_AccountRegistrationTest - Clicked on continue
00:00:28.713 [main] INFO  testCases.TC_001_AccountRegistrationTest - Validating expected message
00:00:28.715 [main] INFO  testCases.TC_001_AccountRegistrationTest - ***  Finished TC_001_AccountRegistrationTest ***
00:00:30.529 [main] INFO  testCases.TC_002_LoginTest - Starting TC_002_LoginTest
00:00:31.563 [main] INFO  testCases.TC_002_LoginTest -  Finished TC_002_LoginTest
00:03:28.333 [main] INFO  testCases.TC_001_AccountRegistrationTest - ***  Starting TC_001_AccountRegistrationTest ***
00:03:28.454 [main] INFO  testCases.TC_001_AccountRegistrationTest - Clicked on My account link
00:03:28.803 [main] INFO  testCases.TC_001_AccountRegistrationTest - Clicked on register link
00:03:28.806 [main] INFO  testCases.TC_001_AccountRegistrationTest - Providing customer data
00:03:31.568 [main] INFO  testCases.TC_001_AccountRegistrationTest - Clicked on continue
00:03:31.608 [main] INFO  testCases.TC_001_AccountRegistrationTest - Validating expected message
00:03:31.610 [main] INFO  testCases.TC_001_AccountRegistrationTest - ***  Finished TC_001_AccountRegistrationTest ***
00:03:33.295 [main] INFO  testCases.TC_002_LoginTest - Starting TC_002_LoginTest
00:03:34.275 [main] INFO  testCases.TC_002_LoginTest -  Finished TC_002_LoginTest
00:06:40.767 [main] INFO  testCases.TC_001_AccountRegistrationTest - ***  Starting TC_001_AccountRegistrationTest ***
00:06:40.928 [main] INFO  testCases.TC_001_AccountRegistrationTest - Clicked on My account link
00:06:41.264 [main] INFO  testCases.TC_001_AccountRegistrationTest - Clicked on register link
00:06:41.266 [main] INFO  testCases.TC_001_AccountRegistrationTest - Providing customer data
00:06:43.998 [main] INFO  testCases.TC_001_AccountRegistrationTest - Clicked on continue
00:06:44.038 [main] INFO  testCases.TC_001_AccountRegistrationTest - Validating expected message
00:06:44.040 [main] INFO  testCases.TC_001_AccountRegistrationTest - ***  Finished TC_001_AccountRegistrationTest ***
00:06:45.704 [main] INFO  testCases.TC_002_LoginTest - Starting TC_002_LoginTest
00:06:46.598 [main] INFO  testCases.TC_002_LoginTest -  Finished TC_002_LoginTest
00:26:08.252 [main] INFO  testCases.TC_001_AccountRegistrationTest - ***  Starting TC_001_AccountRegistrationTest ***
00:26:08.393 [main] INFO  testCases.TC_001_AccountRegistrationTest - Clicked on My account link
00:26:08.753 [main] INFO  testCases.TC_001_AccountRegistrationTest - Clicked on register link
00:26:08.756 [main] INFO  testCases.TC_001_AccountRegistrationTest - Providing customer data
00:26:11.472 [main] INFO  testCases.TC_001_AccountRegistrationTest - Clicked on continue
00:26:11.522 [main] INFO  testCases.TC_001_AccountRegistrationTest - Validating expected message
00:26:11.524 [main] INFO  testCases.TC_001_AccountRegistrationTest - ***  Finished TC_001_AccountRegistrationTest ***
00:26:13.309 [main] INFO  testCases.TC_002_LoginTest - Starting TC_002_LoginTest
00:26:14.310 [main] INFO  testCases.TC_002_LoginTest -  Finished TC_002_LoginTest
00:41:42.667 [main] INFO  testCases.TC_001_AccountRegistrationTest - ***  Starting TC_001_AccountRegistrationTest ***
00:41:42.801 [main] INFO  testCases.TC_001_AccountRegistrationTest - Clicked on My account link
00:41:43.186 [main] INFO  testCases.TC_001_AccountRegistrationTest - Clicked on register link
00:41:43.188 [main] INFO  testCases.TC_001_AccountRegistrationTest - Providing customer data
00:41:45.878 [main] INFO  testCases.TC_001_AccountRegistrationTest - Clicked on continue
00:41:45.922 [main] INFO  testCases.TC_001_AccountRegistrationTest - Validating expected message
00:41:45.924 [main] INFO  testCases.TC_001_AccountRegistrationTest - ***  Finished TC_001_AccountRegistrationTest ***
00:41:47.669 [main] INFO  testCases.TC_002_LoginTest - Starting TC_002_LoginTest
00:41:48.544 [main] INFO  testCases.TC_002_LoginTest -  Finished TC_002_LoginTest
08:41:25.056 [main] INFO  testCases.TC_001_AccountRegistrationTest - ***  Starting TC_001_AccountRegistrationTest ***
08:41:25.159 [main] INFO  testCases.TC_001_AccountRegistrationTest - Clicked on My account link
08:41:25.594 [main] INFO  testCases.TC_001_AccountRegistrationTest - Clicked on register link
08:41:25.603 [main] INFO  testCases.TC_001_AccountRegistrationTest - Providing customer data
08:41:28.408 [main] INFO  testCases.TC_001_AccountRegistrationTest - Clicked on continue
08:41:28.462 [main] INFO  testCases.TC_001_AccountRegistrationTest - Validating expected message
08:41:28.464 [main] INFO  testCases.TC_001_AccountRegistrationTest - ***  Finished TC_001_AccountRegistrationTest ***
08:41:30.339 [main] INFO  testCases.TC_002_LoginTest - Starting TC_002_LoginTest
08:41:31.484 [main] INFO  testCases.TC_002_LoginTest -  Finished TC_002_LoginTest
08:41:54.576 [main] INFO  testCases.TC_001_AccountRegistrationTest - ***  Starting TC_001_AccountRegistrationTest ***
08:41:54.707 [main] INFO  testCases.TC_001_AccountRegistrationTest - Clicked on My account link
08:41:55.074 [main] INFO  testCases.TC_001_AccountRegistrationTest - Clicked on register link
08:41:55.076 [main] INFO  testCases.TC_001_AccountRegistrationTest - Providing customer data
08:41:57.797 [main] INFO  testCases.TC_001_AccountRegistrationTest - Clicked on continue
08:41:57.834 [main] INFO  testCases.TC_001_AccountRegistrationTest - Validating expected message
08:41:57.836 [main] INFO  testCases.TC_001_AccountRegistrationTest - ***  Finished TC_001_AccountRegistrationTest ***
08:41:59.406 [main] INFO  testCases.TC_002_LoginTest - Starting TC_002_LoginTest
08:42:00.327 [main] INFO  testCases.TC_002_LoginTest -  Finished TC_002_LoginTest
09:50:58.643 [main] INFO  testCases.TC_001_AccountRegistrationTest - ***  Starting TC_001_AccountRegistrationTest ***
09:50:58.747 [main] INFO  testCases.TC_001_AccountRegistrationTest - Clicked on My account link
09:50:59.151 [main] INFO  testCases.TC_001_AccountRegistrationTest - Clicked on register link
09:50:59.154 [main] INFO  testCases.TC_001_AccountRegistrationTest - Providing customer data
09:51:01.944 [main] INFO  testCases.TC_001_AccountRegistrationTest - Clicked on continue
09:51:01.983 [main] INFO  testCases.TC_001_AccountRegistrationTest - Validating expected message
09:51:01.986 [main] INFO  testCases.TC_001_AccountRegistrationTest - ***  Finished TC_001_AccountRegistrationTest ***
09:51:03.757 [main] INFO  testCases.TC_002_LoginTest - Starting TC_002_LoginTest
09:51:04.624 [main] INFO  testCases.TC_002_LoginTest -  Finished TC_002_LoginTest
09:52:11.503 [main] INFO  testCases.TC_001_AccountRegistrationTest - ***  Starting TC_001_AccountRegistrationTest ***
09:52:11.649 [main] INFO  testCases.TC_001_AccountRegistrationTest - Clicked on My account link
09:52:12.037 [main] INFO  testCases.TC_001_AccountRegistrationTest - Clicked on register link
09:52:12.039 [main] INFO  testCases.TC_001_AccountRegistrationTest - Providing customer data
09:52:14.809 [main] INFO  testCases.TC_001_AccountRegistrationTest - Clicked on continue
09:52:14.857 [main] INFO  testCases.TC_001_AccountRegistrationTest - Validating expected message
09:52:14.859 [main] INFO  testCases.TC_001_AccountRegistrationTest - ***  Finished TC_001_AccountRegistrationTest ***
09:52:16.431 [main] INFO  testCases.TC_002_LoginTest - Starting TC_002_LoginTest
09:52:17.266 [main] INFO  testCases.TC_002_LoginTest -  Finished TC_002_LoginTest
